make all --print-data-base --no-builtin-variables --no-builtin-rules --question
# GNU Make 3.81
# Copyright (C) 2006  Free Software Foundation, Inc.
# This is free software; see the source for copying conditions.
# There is NO warranty; not even for MERCHANTABILITY or FITNESS FOR A
# PARTICULAR PURPOSE.

# This program built for i386-apple-darwin11.3.0

# Make data base, printed on Tue Apr 27 05:18:19 2021

# Variables

# environment
VSCODE_GIT_ASKPASS_MAIN = /Applications/Visual Studio Code.app/Contents/Resources/app/extensions/git/dist/askpass-main.js
# automatic
<D = $(patsubst %/,%,$(dir $<))
# automatic
?F = $(notdir $?)
# environment
ELECTRON_NO_ATTACH_CONSOLE = 1
# environment
VSCODE_LOG_NATIVE = false
# automatic
?D = $(patsubst %/,%,$(dir $?))
# automatic
@D = $(patsubst %/,%,$(dir $@))
# automatic
@F = $(notdir $@)
# makefile
CURDIR := /Users/kdnotes/src/naera_service/bills
# makefile
SHELL = /bin/sh
# environment
VSCODE_NLS_CONFIG = {"locale":"en-gb","availableLanguages":{},"_languagePackSupport":true}
# makefile (from `cmd/.env', line 15)
DBUser = root
# environment
_ = /usr/bin/make
# makefile (from `cmd/.env', line 1)
MAKEFILE_LIST :=  makefile cmd/.env
# environment
VSCODE_NODE_CACHED_DATA_DIR = /Users/kdnotes/Library/Application Support/Code/CachedData/3c4e3df9e89829dce27b7b5c24508306b151f30d
# makefile (from `cmd/.env', line 2)
FL_KEY_LIVE = 2795fda29f314b1e28585d75
# environment
VSCODE_VERBOSE_LOGGING = true
# makefile (from `cmd/.env', line 14)
DBDatabase = naerabills
# environment
VSCODE_IPC_HOOK_EXTHOST = /var/folders/hl/htpk9vv96jl55t0wnz1y1n3w0000gn/T/vscode-ipc-d8783952-d2ac-495e-af7e-0e7bf3655ba9.sock
# environment
VSCODE_CWD = /Users/kdnotes/src/naera_service
# environment
PATH = /usr/local/bin:/usr/bin:/bin:/usr/sbin:/sbin:/usr/local/go:/usr/local/go/bin:/Users/kdnotes/go:/Users/kdnotes/go/bin:/usr/local/share/dotnet:~/.dotnet/tools:/Library/Apple/usr/bin:/Library/Frameworks/Mono.framework/Versions/Current/Commands:/Users/kdnotes/Library/Application Support/cloud-code/installer/google-cloud-sdk/bin:/Users/kdnotes/.yarn/bin:/Users/kdnotes/.config/yarn/global/node_modules/.bin:/Users/kdnotes/flutter/:/usr/local/mysql/bin/:/usr/local/sbin:/Users/kdnotes/Library/Android/sdk/emulator:/Users/kdnotes/Library/Android/sdk/tools:/usr/local/go:/users/kdnotes/go:/users/kdnotes/go/bin:/Users/kdnotes/Library/Android/sdk/tools/bin:/Users/kdnotes/flutter/bin:/Users/kdnotes/Library/Android/sdk/platform-tools:/Applications/Visual Studio Code.app/Contents/Resources/app/bin:/Users/kdnotes/google-cloud-sdk/bin
# makefile (from `cmd/.env', line 7)
HTTP_PORT = 0.0.0.0:7777
# environment
GOPATH = /users/kdnotes/go
# environment
LaunchInstanceID = A01FE0EF-42E5-482E-9E0A-6AF31EB7DE59
# makefile (from `cmd/.env', line 11)
RefreshKey = RefreshTopSecretKey
# environment
VSCODE_LOG_STACK = false
# environment
ELECTRON_RUN_AS_NODE = 1
# environment
ANDROID_HOME = /Users/kdnotes/Library/Android/sdk
# default
.FEATURES := target-specific order-only second-expansion else-if archives jobserver check-symlink
# environment
CLOUDSDK_METRICS_ENVIRONMENT = cloudcode.vscode
# environment
SSH_AUTH_SOCK = /private/tmp/com.apple.launchd.kZKNKktEqN/Listeners
# automatic
%F = $(notdir $%)
# environment
GOBIN = /users/kdnotes/go/bin
# environment
CLOUDSDK_METRICS_ENVIRONMENT_VERSION = 1.10.0
# environment
VSCODE_PIPE_LOGGING = true
# environment
PWD = /Users/kdnotes/src/naera_service/bills
# environment
ORIGINAL_XDG_CURRENT_DESKTOP = undefined
# environment
VSCODE_AMD_ENTRYPOINT = vs/workbench/services/extensions/node/extensionHostProcess
# environment
HOME = /Users/kdnotes
# makefile (from `cmd/.env', line 12)
Redis_Host = localhost:6379
# default
MAKEFILEPATH := /Applications/Xcode.app/Contents/Developer/Makefiles
# environment
VSCODE_CLI = 1
# environment
LOGNAME = kdnotes
# environment
APPLICATION_INSIGHTS_NO_DIAGNOSTIC_CHANNEL = true
# environment
VSCODE_HANDLES_UNCAUGHT_ERRORS = true
# automatic
^D = $(patsubst %/,%,$(dir $^))
# makefile (from `cmd/.env', line 13)
DBHost = localhost
# environment
MAKELEVEL := 0
# environment
XPC_FLAGS = 0x0
# environment
COLORTERM = truecolor
# default
MAKE = $(MAKE_COMMAND)
# default
MAKECMDGOALS := all
# makefile (from `cmd/.env', line 10)
JWTKey = TopSecretKey
# environment
SHLVL = 3
# makefile (from `cmd/.env', line 9)
AMQP_URL = amqp://guest:guest@localhost:5672/
# default
MAKE_VERSION := 3.81
# environment
USER = kdnotes
# makefile
.DEFAULT_GOAL := build
# environment
GOROOT = /usr/local/go
# automatic
%D = $(patsubst %/,%,$(dir $%))
# makefile (from `cmd/.env', line 3)
FL_SECRETKEY_TEST = FLWSECK_TEST-be6475503d295c1be0b10ee8e971671f-X
# makefile (from `cmd/.env', line 17)
DBPort = 3306
# default
MAKE_COMMAND := /Applications/Xcode.app/Contents/Developer/usr/bin/make
# environment
TERM_PROGRAM = vscode
# default
.VARIABLES := 
# environment
TMPDIR = /var/folders/hl/htpk9vv96jl55t0wnz1y1n3w0000gn/T/
# automatic
*F = $(notdir $*)
# environment
VSCODE_IPC_HOOK = /Users/kdnotes/Library/Application Support/Code/1.55.2-main.sock
# environment
VSCODE_GIT_ASKPASS_NODE = /Applications/Visual Studio Code.app/Contents/Frameworks/Code Helper (Renderer).app/Contents/MacOS/Code Helper (Renderer)
# makefile
MAKEFLAGS = Rrqp
# environment
MFLAGS = -Rrqp
# automatic
*D = $(patsubst %/,%,$(dir $*))
# environment
TERM_PROGRAM_VERSION = 1.55.2
# environment
XPC_SERVICE_NAME = 0
# automatic
+D = $(patsubst %/,%,$(dir $+))
# makefile (from `cmd/.env', line 8)
GRPC_PORT = 0.0.0.0:8888
# automatic
+F = $(notdir $+)
# environment
__CF_USER_TEXT_ENCODING = 0x1F5:0x0:0x2
# environment
COMMAND_MODE = unix2003
# environment
GIT_ASKPASS = /Applications/Visual Studio Code.app/Contents/Resources/app/extensions/git/dist/askpass.sh
# default
MAKEFILES := 
# automatic
<F = $(notdir $<)
# makefile (from `cmd/.env', line 16)
DBPassword = password
# environment
ANDROID_SDK_ROOT = /Users/kdnotes/Library/Android/sdk
# makefile (from `cmd/.env', line 4)
FL_KEY_TEST = FLWSECK_TESTc5fc82d7d2b7
# environment
SECURITYSESSIONID = 186a8
# automatic
^F = $(notdir $^)
# default
SUFFIXES := 
# default
.INCLUDE_DIRS = /usr/local/include
# makefile (from `cmd/.env', line 1)
FL_SECRETKEY_LIVE = FLWSECK-2795fda29f319fba2067279cb8300ecb-X
# environment
VSCODE_GIT_IPC_HANDLE = /var/folders/hl/htpk9vv96jl55t0wnz1y1n3w0000gn/T/vscode-git-0832c8c34f.sock
# environment
LANG = en_GB.UTF-8
# environment
TERM = xterm-256color
# environment
VSCODE_PID = 365
# makefile (from `cmd/.env', line 18)
RedisPass = password
# variable set hash-table stats:
# Load=95/1024=9%, Rehash=0, Collisions=3/121=2%

# Pattern-specific Variable Values

# No pattern-specific variable values.

# Directories

# . (device 16777223, inode 28582520): 12 files, no impossibilities.

# 12 files, no impossibilities in 1 directories.

# Implicit Rules

# No implicit rules.

# Files

# Not a target:
all:
#  Command-line target.
#  Implicit rule search has been done.
#  File does not exist.
#  File has not been updated.
# variable set hash-table stats:
# Load=0/32=0%, Rehash=0, Collisions=0/0=0%

# Not a target:
cmd/.env:
#  A default, MAKEFILES, or -include/sinclude makefile.
#  Implicit rule search has been done.
#  Last modified 2021-04-25 04:26:00
#  File has been updated.
#  Successfully updated.
# variable set hash-table stats:
# Load=0/32=0%, Rehash=0, Collisions=0/0=0%

# Not a target:
.SUFFIXES:
#  Implicit rule search has not been done.
#  Modification time never checked.
#  File has not been updated.

proto:
#  Implicit rule search has not been done.
#  Modification time never checked.
#  File has not been updated.
#  commands to execute (from `makefile', line 19):
	protoc -I=./ --proto_path=models/party --go_out=plugins=grpc:./ models/v1/biller.proto
	

test:
#  Implicit rule search has not been done.
#  Modification time never checked.
#  File has not been updated.
#  commands to execute (from `makefile', line 12):
	go test ./...
	

# Not a target:
makefile:
#  Implicit rule search has been done.
#  Last modified 2021-04-25 04:49:03
#  File has been updated.
#  Successfully updated.
# variable set hash-table stats:
# Load=0/32=0%, Rehash=0, Collisions=0/0=0%

build:
#  Implicit rule search has not been done.
#  Modification time never checked.
 
make: *** No rule to make target `all'.  Stop.
 
#  File has not been updated.
#  commands to execute (from `makefile', line 6):
	go build -o cmd/bin/naera_auth cmd/main.go
	

compile:
#  Implicit rule search has not been done.
#  Modification time never checked.
#  File has not been updated.
#  commands to execute (from `makefile', line 15):
	echo "Compiling for linux"
	env GOOS=linux go build -o cmd/bin/naera_bills cmd/main.go
	

# Not a target:
.DEFAULT:
#  Implicit rule search has not been done.
#  Modification time never checked.
#  File has not been updated.

run:
#  Implicit rule search has not been done.
#  Modification time never checked.
#  File has not been updated.
#  commands to execute (from `makefile', line 9):
	go run cmd/main.go
	

# files hash-table stats:
# Load=10/1024=1%, Rehash=0, Collisions=0/23=0%
# VPATH Search Paths

# No `vpath' search paths.

# No general (`VPATH' variable) search path.

# # of strings in strcache: 2
# # of strcache buffers: 1
# strcache size: total = 4096 / max = 4096 / min = 4096 / avg = 4096
# strcache free: total = 4078 / max = 4078 / min = 4078 / avg = 4078

# Finished Make data base on Tue Apr 27 05:18:19 2021

 
